<?xml version="1.0" encoding="UTF-8"?>
<beans xmlns="http://www.springframework.org/schema/beans"
	xmlns:xsi="http://www.w3.org/2001/XMLSchema-instance"
	xmlns:oxm="http://www.springframework.org/schema/oxm"
	xmlns:context="http://www.springframework.org/schema/context"
	xsi:schemaLocation="http://www.springframework.org/schema/oxm http://www.springframework.org/schema/oxm/spring-oxm-3.2.xsd
		http://www.springframework.org/schema/beans http://www.springframework.org/schema/beans/spring-beans.xsd
		http://www.springframework.org/schema/context http://www.springframework.org/schema/context/spring-context-3.2.xsd">

	<oxm:jaxb2-marshaller id="marshaller" contextPath="com.mycompany.test.security" />

    <bean id="wsTemplate" class="org.springframework.ws.client.core.WebServiceTemplate">
    	<property name="marshaller" ref="marshaller" />
    	<property name="unmarshaller" ref="marshaller" />
    	<property name="defaultUri" value="http://localhost:8080/security-service/" />
    </bean>

</beans>
